🔐 Configurazione MySQL...
ERROR 2002 (HY000): Can't connect to local server through socket '/run/mysqld/mysqld.sock' (2)
🔐 Configurazione MySQL...
mysqld is alive
ERROR 1064 (42000) at line 4: You have an error in your SQL syntax; check the manual that corresponds to your MariaDB server version for the right syntax to use near '' at line 1
🚀 Avvio configurazione database
🚀 Avvio configurazione database
⚙️ Avvio servizio MariaDB...
⚙️ Avvio servizio MariaDB...
Job for mariadb.service failed because of unavailable resources or another system error.
See "systemctl status mariadb.service" and "journalctl -xeu mariadb.service" for details.
Job for mariadb.service failed because of unavailable resources or another system error.
See "systemctl status mariadb.service" and "journalctl -xeu mariadb.service" for details.
🚀 Avvio configurazione database
🚀 Avvio configurazione database
⚙️ Avvio servizio MariaDB...
⚙️ Avvio servizio MariaDB...
Job for mariadb.service failed because of unavailable resources or another system error.
See "systemctl status mariadb.service" and "journalctl -xeu mariadb.service" for details.
Job for mariadb.service failed because of unavailable resources or another system error.
See "systemctl status mariadb.service" and "journalctl -xeu mariadb.service" for details.
+ echo '=== CONFIGURAZIONE DATABASE ==='
=== CONFIGURAZIONE DATABASE ===
+ for attempt in {1..3}
+ sudo systemctl start mysql
+ mysqladmin ping -uroot --silent
mysqld is alive
+ secure_initial_setup
+ echo '🔐 Configurazione sicura MariaDB...'
+ tee -a /mnt/c/Users/Francy/Documents/GitHub/Scripts/wpinstaller/scripts/../logs/mysql_setup.log
🔐 Configurazione sicura MariaDB...
🔐 Configurazione sicura MariaDB...
+ sudo mysql -uroot
/mnt/c/Users/Francy/Documents/GitHub/Scripts/wpinstaller/scripts/2_mysql_setup.sh: line 25: MYSQL_WP_DB: unbound variable
+ echo '=== DATABASE SETUP STARTED ==='
=== DATABASE SETUP STARTED ===
++ date
+ echo '🕒 Timestamp: Fri Mar 28 22:44:27 CET 2025'
🕒 Timestamp: Fri Mar 28 22:44:27 CET 2025
+ source /mnt/c/Users/Francy/Documents/GitHub/Scripts/wpinstaller/scripts/../config/wp_installer.cfg
++ grep -qi microsoft /proc/version
++ MYSQL_SOCKET=/run/mysqld/mysqld.sock
++ SERVICE_CMD=service
++ DOMAIN=localhost
++ WP_DIR=/var/www/html/wordpress
++ SERVER_PORT=80
++ ADMIN_EMAIL=admin@localhost
++ PHP_VERSION=8.3
++ ENV_MODE=local
++ SSL_TYPE=selfsigned
++ MYSQL_CREDS_FILE=/root/.wp_mysql_creds
++ '[' '!' -f /root/.wp_mysql_creds ']'
++ source /root/.wp_mysql_creds
+++ MYSQL_ROOT_PASS=gfsgIwYOcBvm9kljWygvvGjSTLiwOj2s
+++ MYSQL_WP_PASS=B3TMWvY8Y0CmWoSqyGGbSq1xtpV2CHWj
++ WP_DEBUG=false
++ WP_MEMORY_LIMIT=256M
++ WP_MAX_UPLOAD_SIZE=64M
+ REQUIRED_VARS=('MYSQL_ROOT_PASS' 'MYSQL_WP_PASS')
+ declare -a REQUIRED_VARS
+ for var in "${REQUIRED_VARS[@]}"
+ '[' -z gfsgIwYOcBvm9kljWygvvGjSTLiwOj2s ']'
+ for var in "${REQUIRED_VARS[@]}"
+ '[' -z B3TMWvY8Y0CmWoSqyGGbSq1xtpV2CHWj ']'
+ start_mysql
+ echo '🔧 Starting MySQL service...'
🔧 Starting MySQL service...
+ for attempt in {1..3}
+ sudo service mysql start
+ mysqladmin ping -uroot --silent
mysqld is alive
+ return 0
+ mysql -uroot -pgfsgIwYOcBvm9kljWygvvGjSTLiwOj2s -e 'SELECT 1'
+ echo 'ℹ️ MySQL already secured'
ℹ️ MySQL already secured
+ mysql -uroot -pgfsgIwYOcBvm9kljWygvvGjSTLiwOj2s -e 'USE wordpress'
+ echo 'ℹ️ Database wordpress already exists'
ℹ️ Database wordpress already exists
+ echo '✅ Database setup completed successfully!'
✅ Database setup completed successfully!
+ echo '=== DATABASE SETUP FINISHED ==='
=== DATABASE SETUP FINISHED ===
+ exit 0
+ echo '=== CONFIGURAZIONE DATABASE ==='
=== CONFIGURAZIONE DATABASE ===
+ for attempt in {1..3}
+ sudo systemctl start mysql
+ mysqladmin ping -uroot --silent
mysqld is alive
+ secure_initial_setup
+ echo '🔐 Configurazione sicura MariaDB...'
+ tee -a /mnt/c/Users/Francy/Documents/GitHub/Scripts/wpinstaller/scripts/../logs/mysql_setup.log
🔐 Configurazione sicura MariaDB...
🔐 Configurazione sicura MariaDB...
+ sudo mysql -uroot
/mnt/c/Users/Francy/Documents/GitHub/Scripts/wpinstaller/scripts/2_mysql_setup.sh: line 25: MYSQL_WP_DB: unbound variable
+ echo '=== DATABASE SETUP STARTED ==='
=== DATABASE SETUP STARTED ===
++ date
+ echo '🕒 Timestamp: Fri Mar 28 22:49:38 CET 2025'
🕒 Timestamp: Fri Mar 28 22:49:38 CET 2025
+ source /mnt/c/Users/Francy/Documents/GitHub/Scripts/wpinstaller/scripts/../config/wp_installer.cfg
++ grep -qi microsoft /proc/version
++ MYSQL_SOCKET=/run/mysqld/mysqld.sock
++ SERVICE_CMD=service
++ DOMAIN=localhost
++ WP_DIR=/var/www/html/wordpress
++ SERVER_PORT=80
++ ADMIN_EMAIL=admin@localhost
++ PHP_VERSION=8.3
++ ENV_MODE=local
++ SSL_TYPE=selfsigned
++ MYSQL_CREDS_FILE=/root/.wp_mysql_creds
++ '[' '!' -f /root/.wp_mysql_creds ']'
++ source /root/.wp_mysql_creds
+++ MYSQL_ROOT_PASS=gfsgIwYOcBvm9kljWygvvGjSTLiwOj2s
+++ MYSQL_WP_PASS=B3TMWvY8Y0CmWoSqyGGbSq1xtpV2CHWj
++ WP_DEBUG=false
++ WP_MEMORY_LIMIT=256M
++ WP_MAX_UPLOAD_SIZE=64M
+ REQUIRED_VARS=('MYSQL_ROOT_PASS' 'MYSQL_WP_PASS')
+ declare -a REQUIRED_VARS
+ for var in "${REQUIRED_VARS[@]}"
+ '[' -z gfsgIwYOcBvm9kljWygvvGjSTLiwOj2s ']'
+ for var in "${REQUIRED_VARS[@]}"
+ '[' -z B3TMWvY8Y0CmWoSqyGGbSq1xtpV2CHWj ']'
+ start_mysql
+ echo '🔧 Starting MySQL service...'
🔧 Starting MySQL service...
+ for attempt in {1..3}
+ sudo service mysql start
+ mysqladmin ping -uroot --silent
mysqld is alive
+ return 0
+ mysql -uroot -pgfsgIwYOcBvm9kljWygvvGjSTLiwOj2s -e 'SELECT 1'
+ echo 'ℹ️ MySQL already secured'
ℹ️ MySQL already secured
+ mysql -uroot -pgfsgIwYOcBvm9kljWygvvGjSTLiwOj2s -e 'USE wordpress'
+ echo 'ℹ️ Database wordpress already exists'
ℹ️ Database wordpress already exists
+ echo '✅ Database setup completed successfully!'
✅ Database setup completed successfully!
+ echo '=== DATABASE SETUP FINISHED ==='
=== DATABASE SETUP FINISHED ===
+ exit 0
+ echo '=== DATABASE SETUP STARTED ==='
=== DATABASE SETUP STARTED ===
++ date
+ echo '🕒 Timestamp: Fri Mar 28 22:49:39 CET 2025'
🕒 Timestamp: Fri Mar 28 22:49:39 CET 2025
+ source /mnt/c/Users/Francy/Documents/GitHub/Scripts/wpinstaller/scripts/../config/wp_installer.cfg
++ grep -qi microsoft /proc/version
++ MYSQL_SOCKET=/run/mysqld/mysqld.sock
++ SERVICE_CMD=service
++ DOMAIN=localhost
++ WP_DIR=/var/www/html/wordpress
++ SERVER_PORT=80
++ ADMIN_EMAIL=admin@localhost
++ PHP_VERSION=8.3
++ ENV_MODE=local
++ SSL_TYPE=selfsigned
++ MYSQL_CREDS_FILE=/root/.wp_mysql_creds
++ '[' '!' -f /root/.wp_mysql_creds ']'
++ source /root/.wp_mysql_creds
+++ MYSQL_ROOT_PASS=gfsgIwYOcBvm9kljWygvvGjSTLiwOj2s
+++ MYSQL_WP_PASS=B3TMWvY8Y0CmWoSqyGGbSq1xtpV2CHWj
++ WP_DEBUG=false
++ WP_MEMORY_LIMIT=256M
++ WP_MAX_UPLOAD_SIZE=64M
+ REQUIRED_VARS=('MYSQL_ROOT_PASS' 'MYSQL_WP_PASS')
+ declare -a REQUIRED_VARS
+ for var in "${REQUIRED_VARS[@]}"
+ '[' -z gfsgIwYOcBvm9kljWygvvGjSTLiwOj2s ']'
+ for var in "${REQUIRED_VARS[@]}"
+ '[' -z B3TMWvY8Y0CmWoSqyGGbSq1xtpV2CHWj ']'
+ start_mysql
+ echo '🔧 Starting MySQL service...'
🔧 Starting MySQL service...
+ for attempt in {1..3}
+ sudo service mysql start
+ mysqladmin ping -uroot --silent
mysqld is alive
+ return 0
+ mysql -uroot -pgfsgIwYOcBvm9kljWygvvGjSTLiwOj2s -e 'SELECT 1'
+ echo 'ℹ️ MySQL root access already configured'
ℹ️ MySQL root access already configured
+ mysql -uroot -pgfsgIwYOcBvm9kljWygvvGjSTLiwOj2s -e 'USE wordpress'
+ echo '✅ Database verification successful'
✅ Database verification successful
+ echo '=== DATABASE SETUP COMPLETED SUCCESSFULLY ==='
=== DATABASE SETUP COMPLETED SUCCESSFULLY ===
+ exit 0
+ echo '=== DATABASE SETUP STARTED ==='
=== DATABASE SETUP STARTED ===
++ date
+ echo '🕒 Timestamp: Fri Mar 28 22:52:36 CET 2025'
🕒 Timestamp: Fri Mar 28 22:52:36 CET 2025
+ source /mnt/c/Users/Francy/Documents/GitHub/Scripts/wpinstaller/scripts/../config/wp_installer.cfg
++ grep -qi microsoft /proc/version
++ MYSQL_SOCKET=/run/mysqld/mysqld.sock
++ SERVICE_CMD=service
++ DOMAIN=localhost
++ WP_DIR=/var/www/html/wordpress
++ SERVER_PORT=80
++ ADMIN_EMAIL=admin@localhost
++ PHP_VERSION=8.3
++ ENV_MODE=local
++ SSL_TYPE=selfsigned
++ MYSQL_CREDS_FILE=/root/.wp_mysql_creds
++ '[' '!' -f /root/.wp_mysql_creds ']'
++ source /root/.wp_mysql_creds
+++ MYSQL_ROOT_PASS=gfsgIwYOcBvm9kljWygvvGjSTLiwOj2s
+++ MYSQL_WP_PASS=B3TMWvY8Y0CmWoSqyGGbSq1xtpV2CHWj
++ WP_DEBUG=false
++ WP_MEMORY_LIMIT=256M
++ WP_MAX_UPLOAD_SIZE=64M
+ REQUIRED_VARS=('MYSQL_ROOT_PASS' 'MYSQL_WP_PASS')
+ declare -a REQUIRED_VARS
+ for var in "${REQUIRED_VARS[@]}"
+ '[' -z gfsgIwYOcBvm9kljWygvvGjSTLiwOj2s ']'
+ for var in "${REQUIRED_VARS[@]}"
+ '[' -z B3TMWvY8Y0CmWoSqyGGbSq1xtpV2CHWj ']'
+ start_mysql
+ echo '🔧 Starting MySQL service...'
🔧 Starting MySQL service...
+ for attempt in {1..3}
+ sudo service mysql start
+ mysqladmin ping -uroot --silent
mysqld is alive
+ return 0
+ mysql -uroot -pgfsgIwYOcBvm9kljWygvvGjSTLiwOj2s -e 'SELECT 1'
+ echo 'ℹ️ MySQL already secured'
ℹ️ MySQL already secured
+ mysql -uroot -pgfsgIwYOcBvm9kljWygvvGjSTLiwOj2s -e 'USE wordpress'
+ echo 'ℹ️ Database wordpress already exists'
ℹ️ Database wordpress already exists
+ echo '✅ Database setup completed successfully!'
✅ Database setup completed successfully!
+ echo '=== DATABASE SETUP FINISHED ==='
=== DATABASE SETUP FINISHED ===
+ exit 0
+ echo '=== DATABASE SETUP STARTED ==='
=== DATABASE SETUP STARTED ===
++ date
+ echo '🕒 Timestamp: Fri Mar 28 22:52:37 CET 2025'
🕒 Timestamp: Fri Mar 28 22:52:37 CET 2025
+ source /mnt/c/Users/Francy/Documents/GitHub/Scripts/wpinstaller/scripts/../config/wp_installer.cfg
++ grep -qi microsoft /proc/version
++ MYSQL_SOCKET=/run/mysqld/mysqld.sock
++ SERVICE_CMD=service
++ DOMAIN=localhost
++ WP_DIR=/var/www/html/wordpress
++ SERVER_PORT=80
++ ADMIN_EMAIL=admin@localhost
++ PHP_VERSION=8.3
++ ENV_MODE=local
++ SSL_TYPE=selfsigned
++ MYSQL_CREDS_FILE=/root/.wp_mysql_creds
++ '[' '!' -f /root/.wp_mysql_creds ']'
++ source /root/.wp_mysql_creds
+++ MYSQL_ROOT_PASS=gfsgIwYOcBvm9kljWygvvGjSTLiwOj2s
+++ MYSQL_WP_PASS=B3TMWvY8Y0CmWoSqyGGbSq1xtpV2CHWj
++ WP_DEBUG=false
++ WP_MEMORY_LIMIT=256M
++ WP_MAX_UPLOAD_SIZE=64M
+ REQUIRED_VARS=('MYSQL_ROOT_PASS' 'MYSQL_WP_PASS')
+ declare -a REQUIRED_VARS
+ for var in "${REQUIRED_VARS[@]}"
+ '[' -z gfsgIwYOcBvm9kljWygvvGjSTLiwOj2s ']'
+ for var in "${REQUIRED_VARS[@]}"
+ '[' -z B3TMWvY8Y0CmWoSqyGGbSq1xtpV2CHWj ']'
+ start_mysql
+ echo '🔧 Starting MySQL service...'
🔧 Starting MySQL service...
+ for attempt in {1..3}
+ sudo service mysql start
+ mysqladmin ping -uroot --silent
mysqld is alive
+ return 0
+ mysql -uroot -pgfsgIwYOcBvm9kljWygvvGjSTLiwOj2s -e 'SELECT 1'
+ echo 'ℹ️ MySQL root access already configured'
ℹ️ MySQL root access already configured
+ mysql -uroot -pgfsgIwYOcBvm9kljWygvvGjSTLiwOj2s -e 'USE wordpress'
+ echo '✅ Database verification successful'
✅ Database verification successful
+ echo '=== DATABASE SETUP COMPLETED SUCCESSFULLY ==='
=== DATABASE SETUP COMPLETED SUCCESSFULLY ===
+ exit 0
+ echo '=== DATABASE SETUP STARTED ==='
=== DATABASE SETUP STARTED ===
++ date
+ echo '🕒 Timestamp: Fri Mar 28 23:08:31 CET 2025'
🕒 Timestamp: Fri Mar 28 23:08:31 CET 2025
+ source /mnt/c/Users/Francy/Documents/GitHub/Scripts/wpinstaller/scripts/../config/wp_installer.cfg
+++ grep -qi microsoft /proc/version
+++ echo true
++ WSL_MODE=true
+++ '[' true = true ']'
+++ echo /run/mysqld/mysqld.sock
++ MYSQL_SOCKET=/run/mysqld/mysqld.sock
+++ '[' true = true ']'
+++ echo service
++ SERVICE_CMD=service
++ DOMAIN=localhost
++ WP_DIR=/var/www/html/wordpress
++ SERVER_PORT=80
++ ADMIN_EMAIL=admin@localhost
++ PHP_VERSION=8.3
++ ENV_MODE=local
++ SSL_TYPE=selfsigned
++ WP_UID=www-data
++ WP_GID=www-data
++ MYSQL_CREDS_DIR=/root/.wp_secure
++ DIR_PERMS=750
++ FILE_PERMS=640
++ MYSQL_CREDS_FILE=/root/.wp_secure/.mysql_creds
++ '[' '!' -d /root/.wp_secure ']'
++ mkdir -p /root/.wp_secure
++ chmod 700 /root/.wp_secure
++ '[' '!' -f /root/.wp_secure/.mysql_creds ']'
+++ openssl rand -base64 32
+++ tr -dc 'a-zA-Z0-9!@#$%^&*()_+-='
+++ head -c 32
++ MYSQL_ROOT_PASS=gypBXPaO75fHtBjGHabV3UFlRK5GNwkm
+++ openssl rand -hex 3
++ MYSQL_WP_USER=wp_user_c43df6
+++ openssl rand -base64 32
+++ tr -dc 'a-zA-Z0-9!@#$%^&*()_+-='
+++ head -c 32
++ MYSQL_WP_PASS=q/ggtG//eoezyNkK7UiYmMDYIvVJV2TQ
+++ openssl rand -hex 3
++ MYSQL_WP_DB=wp_db_794c43
++ umask 177
++ cat
++ chmod 400 /root/.wp_secure/.mysql_creds
++ source /root/.wp_secure/.mysql_creds
+++ MYSQL_ROOT_PASS=gypBXPaO75fHtBjGHabV3UFlRK5GNwkm
+++ MYSQL_WP_USER=wp_user_c43df6
+++ MYSQL_WP_PASS=q/ggtG//eoezyNkK7UiYmMDYIvVJV2TQ
+++ MYSQL_WP_DB=wp_db_794c43
++ '[' -z wp_user_c43df6 ']'
++ '[' -z q/ggtG//eoezyNkK7UiYmMDYIvVJV2TQ ']'
+ REQUIRED_VARS=('MYSQL_ROOT_PASS' 'MYSQL_WP_PASS')
+ declare -a REQUIRED_VARS
+ for var in "${REQUIRED_VARS[@]}"
+ '[' -z gypBXPaO75fHtBjGHabV3UFlRK5GNwkm ']'
+ for var in "${REQUIRED_VARS[@]}"
+ '[' -z q/ggtG//eoezyNkK7UiYmMDYIvVJV2TQ ']'
+ start_mysql
+ echo '🔧 Starting MySQL service...'
🔧 Starting MySQL service...
+ for attempt in {1..3}
+ sudo service mysql start
+ mysqladmin ping -uroot --silent
mysqld is alive
+ return 0
+ mysql -uroot -pgypBXPaO75fHtBjGHabV3UFlRK5GNwkm -e 'SELECT 1'
+ echo 'ℹ️ MySQL already secured'
ℹ️ MySQL already secured
+ mysql -uroot -pgypBXPaO75fHtBjGHabV3UFlRK5GNwkm -e 'USE wp_db_794c43'
+ echo '💽 Creating database wp_db_794c43'
💽 Creating database wp_db_794c43
+ mysql -uroot -pgypBXPaO75fHtBjGHabV3UFlRK5GNwkm
+ echo '✅ Database setup completed successfully!'
✅ Database setup completed successfully!
+ echo '=== DATABASE SETUP FINISHED ==='
=== DATABASE SETUP FINISHED ===
+ exit 0
+ echo '=== CONFIGURAZIONE DATABASE ==='
+ tee -a /mnt/c/Users/Francy/Documents/GitHub/Scripts/wpinstaller/scripts/../logs/mysql_setup.log
=== CONFIGURAZIONE DATABASE ===
=== CONFIGURAZIONE DATABASE ===
+ dpkg -l mariadb-server
+ for attempt in {1..3}
+ echo '🔄 Tentativo 1 di avvio MariaDB...'
+ tee -a /mnt/c/Users/Francy/Documents/GitHub/Scripts/wpinstaller/scripts/../logs/mysql_setup.log
🔄 Tentativo 1 di avvio MariaDB...
🔄 Tentativo 1 di avvio MariaDB...
+ sudo service start mysql
start: unrecognized service
+ echo '⚠️ Fallito tentativo 1'
+ tee -a /mnt/c/Users/Francy/Documents/GitHub/Scripts/wpinstaller/scripts/../logs/mysql_setup.log
⚠️ Fallito tentativo 1
⚠️ Fallito tentativo 1
+ sleep 5
+ for attempt in {1..3}
+ echo '🔄 Tentativo 2 di avvio MariaDB...'
+ tee -a /mnt/c/Users/Francy/Documents/GitHub/Scripts/wpinstaller/scripts/../logs/mysql_setup.log
🔄 Tentativo 2 di avvio MariaDB...
🔄 Tentativo 2 di avvio MariaDB...
+ sudo service start mysql
start: unrecognized service
+ echo '⚠️ Fallito tentativo 2'
+ tee -a /mnt/c/Users/Francy/Documents/GitHub/Scripts/wpinstaller/scripts/../logs/mysql_setup.log
⚠️ Fallito tentativo 2
⚠️ Fallito tentativo 2
+ sleep 5
+ for attempt in {1..3}
+ echo '🔄 Tentativo 3 di avvio MariaDB...'
+ tee -a /mnt/c/Users/Francy/Documents/GitHub/Scripts/wpinstaller/scripts/../logs/mysql_setup.log
🔄 Tentativo 3 di avvio MariaDB...
🔄 Tentativo 3 di avvio MariaDB...
+ sudo service start mysql
start: unrecognized service
+ echo '⚠️ Fallito tentativo 3'
+ tee -a /mnt/c/Users/Francy/Documents/GitHub/Scripts/wpinstaller/scripts/../logs/mysql_setup.log
⚠️ Fallito tentativo 3
⚠️ Fallito tentativo 3
+ sleep 5
+ secure_mysql_installation
+ echo '🔐 Configurazione sicura MariaDB...'
+ tee -a /mnt/c/Users/Francy/Documents/GitHub/Scripts/wpinstaller/scripts/../logs/mysql_setup.log
🔐 Configurazione sicura MariaDB...
🔐 Configurazione sicura MariaDB...
+ mysql -uroot
+ echo '🔍 Verifica credenziali...'
+ tee -a /mnt/c/Users/Francy/Documents/GitHub/Scripts/wpinstaller/scripts/../logs/mysql_setup.log
🔍 Verifica credenziali...
🔍 Verifica credenziali...
+ check_mysql_connection root gypBXPaO75fHtBjGHabV3UFlRK5GNwkm
+ local user=root
+ local pass=gypBXPaO75fHtBjGHabV3UFlRK5GNwkm
+ mysql -uroot -pgypBXPaO75fHtBjGHabV3UFlRK5GNwkm -e 'SHOW DATABASES;'
+ return 0
+ check_mysql_connection wp_user_c43df6 q/ggtG//eoezyNkK7UiYmMDYIvVJV2TQ
+ local user=wp_user_c43df6
+ local pass=q/ggtG//eoezyNkK7UiYmMDYIvVJV2TQ
+ mysql -uwp_user_c43df6 -pq/ggtG//eoezyNkK7UiYmMDYIvVJV2TQ -e 'SHOW DATABASES;'
+ return 0
+ echo '🔍 Test operazioni database...'
+ tee -a /mnt/c/Users/Francy/Documents/GitHub/Scripts/wpinstaller/scripts/../logs/mysql_setup.log
🔍 Test operazioni database...
🔍 Test operazioni database...
+ mysql -uwp_user_c43df6 -pq/ggtG//eoezyNkK7UiYmMDYIvVJV2TQ -e '
        CREATE TABLE IF NOT EXISTS `wp_db_794c43`.test_creds (
            id INT AUTO_INCREMENT PRIMARY KEY,
            test_value VARCHAR(100)
        ENGINE=InnoDB;
        DROP TABLE `wp_db_794c43`.test_creds;'
ERROR 1064 (42000) at line 2: You have an error in your SQL syntax; check the manual that corresponds to your MariaDB server version for the right syntax to use near 'ENGINE=InnoDB' at line 4
+ echo '❌ Test database fallito'
+ tee -a /mnt/c/Users/Francy/Documents/GitHub/Scripts/wpinstaller/scripts/../logs/mysql_setup.log
❌ Test database fallito
❌ Test database fallito
+ exit 1
